#
# There is insufficient memory for the Java Runtime Environment to continue.
# Native memory allocation (mmap) failed to map 67108864 bytes for G1 virtual space
# Possible reasons:
#   The system is out of physical RAM or swap space
#   The process is running with CompressedOops enabled, and the Java Heap may be blocking the growth of the native heap
# Possible solutions:
#   Reduce memory load on the system
#   Increase physical memory or swap space
#   Check if swap backing store is full
#   Decrease Java heap size (-Xmx/-Xms)
#   Decrease number of Java threads
#   Decrease Java thread stack sizes (-Xss)
#   Set larger code cache with -XX:ReservedCodeCacheSize=
#   JVM is running with Unscaled Compressed Oops mode in which the Java heap is
#     placed in the first 4GB address space. The Java Heap base address is the
#     maximum limit for the native heap growth. Please use -XX:HeapBaseMinAddress
#     to set the Java Heap base and to place the Java Heap above 4GB virtual address.
# This output file may be truncated or incomplete.
#
#  Out of Memory Error (os_windows.cpp:3466), pid=1052, tid=9148
#
# JRE version:  (16.0.2+7) (build )
# Java VM: Java HotSpot(TM) 64-Bit Server VM (16.0.2+7-67, mixed mode, sharing, tiered, compressed oops, compressed class ptrs, g1 gc, windows-amd64)
# No core dump will be written. Minidumps are not enabled by default on client versions of Windows
#

---------------  S U M M A R Y ------------

Command Line: -Dfile.encoding=UTF-8 --module-path=C:\Users\Usuario\Downloads\Simulador\Simulador\build\classes vista.Principal

Host: Intel(R) Core(TM) i5-3317U CPU @ 1.70GHz, 4 cores, 3G,  Windows 10 , 64 bit Build 19041 (10.0.19041.1741)
Time: Wed Aug  3 23:27:59 2022 Hora est. Pacífico, Sudamérica elapsed time: 0.055319 seconds (0d 0h 0m 0s)

---------------  T H R E A D  ---------------

Current thread (0x00000255474360b0):  JavaThread "Unknown thread" [_thread_in_vm, id=9148, stack(0x000000b4faa00000,0x000000b4fab00000)]

Stack: [0x000000b4faa00000,0x000000b4fab00000]
Native frames: (J=compiled Java code, j=interpreted, Vv=VM code, C=native code)
V  [jvm.dll+0x6681ca]
V  [jvm.dll+0x7c9e69]
V  [jvm.dll+0x7cb61e]
V  [jvm.dll+0x7cbc73]
V  [jvm.dll+0x242c55]
V  [jvm.dll+0x664f89]
V  [jvm.dll+0x659b75]
V  [jvm.dll+0x2fbfbb]
V  [jvm.dll+0x3031b6]
V  [jvm.dll+0x35299e]
V  [jvm.dll+0x352bcf]
V  [jvm.dll+0x2d3028]
V  [jvm.dll+0x2d4264]
V  [jvm.dll+0x79c741]
V  [jvm.dll+0x360791]
V  [jvm.dll+0x77a3f0]
V  [jvm.dll+0x3e4e8f]
V  [jvm.dll+0x3e6961]
C  [jli.dll+0x52fb]
C  [ucrtbase.dll+0x21bb2]
C  [KERNEL32.DLL+0x17034]
C  [ntdll.dll+0x52651]


---------------  P R O C E S S  ---------------

Threads class SMR info:
_java_thread_list=0x00007ff8cdc6cbb8, length=0, elements={
}

Java Threads: ( => current thread )

Other Threads:
  0x0000025547464ac0 GCTaskThread "GC Thread#0" [stack: 0x000000b4fab00000,0x000000b4fac00000] [id=7324]
  0x000002554746d800 ConcurrentGCThread "G1 Main Marker" [stack: 0x000000b4fac00000,0x000000b4fad00000] [id=6016]
  0x000002554746e990 ConcurrentGCThread "G1 Conc#0" [stack: 0x000000b4fad00000,0x000000b4fae00000] [id=5052]

[error occurred during error reporting (printing all threads), id 0xc0000005, EXCEPTION_ACCESS_VIOLATION (0xc0000005) at pc=0x00007ff8cd443ee7]

VM state: not at safepoint (not fully initialized)

VM Mutex/Monitor currently owned by a thread:  ([mutex/lock_event])
[0x0000025547430fa0] Heap_lock - owner thread: 0x00000255474360b0

Heap address: 0x00000000c1800000, size: 1000 MB, Compressed Oops mode: 32-bit

CDS archive(s) mapped at: [0x0000000000000000-0x0000000000000000-0x0000000000000000), size 0, SharedBaseAddress: 0x0000000800000000, ArchiveRelocationMode: 0.
Narrow klass base: 0x0000000000000000, Narrow klass shift: 0, Narrow klass range: 0x0

GC Precious Log:
<Empty>

Heap:
 garbage-first heap   total 0K, used 0K [0x00000000c1800000, 0x0000000100000000)
  region size 1024K, 0 young (0K), 0 survivors (0K)

[error occurred during error reporting (printing heap information), id 0xc0000005, EXCEPTION_ACCESS_VIOLATION (0xc0000005) at pc=0x00007ff8cd821eed]

GC Heap History (0 events):
No events

Deoptimization events (0 events):
No events

Classes unloaded (0 events):
No events

Classes redefined (0 events):
No events

Internal exceptions (0 events):
No events

Events (1 events):
Event: 0.026 Loaded shared library C:\Program Files\Java\jdk-16.0.2\bin\java.dll


Dynamic libraries:
0x00007ff7b0160000 - 0x00007ff7b0170000 	C:\Program Files\Java\jdk-16.0.2\bin\java.exe
0x00007ff918cb0000 - 0x00007ff918ea7000 	C:\Windows\SYSTEM32\ntdll.dll
0x00007ff9178d0000 - 0x00007ff91798d000 	C:\Windows\System32\KERNEL32.DLL
0x00007ff916960000 - 0x00007ff916c2d000 	C:\Windows\System32\KERNELBASE.dll
0x00007ff913c00000 - 0x00007ff913c90000 	C:\Windows\SYSTEM32\apphelp.dll
0x00007ff9163d0000 - 0x00007ff9164d0000 	C:\Windows\System32\ucrtbase.dll
0x00007ff911340000 - 0x00007ff911359000 	C:\Program Files\Java\jdk-16.0.2\bin\VCRUNTIME140.dll
0x00007ff910f50000 - 0x00007ff910f68000 	C:\Program Files\Java\jdk-16.0.2\bin\jli.dll
0x00007ff917540000 - 0x00007ff9175ee000 	C:\Windows\System32\ADVAPI32.dll
0x00007ff918bd0000 - 0x00007ff918c6e000 	C:\Windows\System32\msvcrt.dll
0x00007ff918b30000 - 0x00007ff918bcc000 	C:\Windows\System32\sechost.dll
0x00007ff918230000 - 0x00007ff918355000 	C:\Windows\System32\RPCRT4.dll
0x00007ff917720000 - 0x00007ff9178c0000 	C:\Windows\System32\USER32.dll
0x00007ff916720000 - 0x00007ff916742000 	C:\Windows\System32\win32u.dll
0x00007ff918920000 - 0x00007ff91894a000 	C:\Windows\System32\GDI32.dll
0x00007ff916610000 - 0x00007ff91671b000 	C:\Windows\System32\gdi32full.dll
0x00007ff9080e0000 - 0x00007ff90837a000 	C:\Windows\WinSxS\amd64_microsoft.windows.common-controls_6595b64144ccf1df_6.0.19041.1110_none_60b5254171f9507e\COMCTL32.dll
0x00007ff916570000 - 0x00007ff91660d000 	C:\Windows\System32\msvcp_win.dll
0x00007ff905a30000 - 0x00007ff905a3a000 	C:\Windows\SYSTEM32\VERSION.dll
0x00007ff917510000 - 0x00007ff917540000 	C:\Windows\System32\IMM32.DLL
0x00007ff910cb0000 - 0x00007ff910cbc000 	C:\Program Files\Java\jdk-16.0.2\bin\vcruntime140_1.dll
0x00007ff901b20000 - 0x00007ff901bb1000 	C:\Program Files\Java\jdk-16.0.2\bin\msvcp140.dll
0x00007ff8cd160000 - 0x00007ff8cdd0b000 	C:\Program Files\Java\jdk-16.0.2\bin\server\jvm.dll
0x00007ff9178c0000 - 0x00007ff9178c8000 	C:\Windows\System32\PSAPI.DLL
0x00007ff901da0000 - 0x00007ff901da9000 	C:\Windows\SYSTEM32\WSOCK32.dll
0x00007ff9026e0000 - 0x00007ff902707000 	C:\Windows\SYSTEM32\WINMM.dll
0x00007ff917650000 - 0x00007ff9176bb000 	C:\Windows\System32\WS2_32.dll
0x00007ff9141d0000 - 0x00007ff9141e2000 	C:\Windows\SYSTEM32\kernel.appcore.dll
0x00007ff910850000 - 0x00007ff91085a000 	C:\Program Files\Java\jdk-16.0.2\bin\jimage.dll
0x00007ff903a60000 - 0x00007ff903c44000 	C:\Windows\SYSTEM32\DBGHELP.DLL
0x00007ff9039d0000 - 0x00007ff9039fc000 	C:\Windows\SYSTEM32\dbgcore.DLL
0x00007ff916c30000 - 0x00007ff916cb2000 	C:\Windows\System32\bcryptPrimitives.dll
0x00007ff90b570000 - 0x00007ff90b595000 	C:\Program Files\Java\jdk-16.0.2\bin\java.dll

dbghelp: loaded successfully - version: 4.0.5 - missing functions: none
symbol engine: initialized successfully - sym options: 0x614 - pdb path: .;C:\Program Files\Java\jdk-16.0.2\bin;C:\Windows\SYSTEM32;C:\Windows\WinSxS\amd64_microsoft.windows.common-controls_6595b64144ccf1df_6.0.19041.1110_none_60b5254171f9507e;C:\Program Files\Java\jdk-16.0.2\bin\server

VM Arguments:
jvm_args: -Dfile.encoding=UTF-8 --module-path=C:\Users\Usuario\Downloads\Simulador\Simulador\build\classes 
java_command: vista.Principal
java_class_path (initial): C:\Program Files\NetBeans-13\netbeans\java\modules\ext\AbsoluteLayout.jar;C:\Users\Usuario\Downloads\Simulador\Simulador\build\classes
Launcher Type: SUN_STANDARD

[Global flags]
     intx CICompilerCount                          = 3                                         {product} {ergonomic}
     uint ConcGCThreads                            = 1                                         {product} {ergonomic}
     uint G1ConcRefinementThreads                  = 4                                         {product} {ergonomic}
   size_t G1HeapRegionSize                         = 1048576                                   {product} {ergonomic}
    uintx GCDrainStackTargetSize                   = 64                                        {product} {ergonomic}
   size_t InitialHeapSize                          = 67108864                                  {product} {ergonomic}
   size_t MarkStackSize                            = 4194304                                   {product} {ergonomic}
   size_t MaxHeapSize                              = 1048576000                                {product} {ergonomic}
   size_t MinHeapDeltaBytes                        = 1048576                                   {product} {ergonomic}
   size_t MinHeapSize                              = 8388608                                   {product} {ergonomic}
    uintx NonNMethodCodeHeapSize                   = 5832780                                {pd product} {ergonomic}
    uintx NonProfiledCodeHeapSize                  = 122912730                              {pd product} {ergonomic}
    uintx ProfiledCodeHeapSize                     = 122912730                              {pd product} {ergonomic}
    uintx ReservedCodeCacheSize                    = 251658240                              {pd product} {ergonomic}
     bool SegmentedCodeCache                       = true                                      {product} {ergonomic}
   size_t SoftMaxHeapSize                          = 1048576000                             {manageable} {ergonomic}
     bool UseCompressedClassPointers               = true                           {product lp64_product} {ergonomic}
     bool UseCompressedOops                        = true                           {product lp64_product} {ergonomic}
     bool UseG1GC                                  = true                                      {product} {ergonomic}
     bool UseLargePagesIndividualAllocation        = false                                  {pd product} {ergonomic}

Logging:
Log output configuration:
 #0: stdout all=warning uptime,level,tags
 #1: stderr all=off uptime,level,tags

Environment Variables:
PATH=C:\Program Files\Common Files\Oracle\Java\javapath;C:\ProgramData\Oracle\Java\javapath;C:\Program Files (x86)\Common Files\Oracle\Java\javapath;C:\Users\Usuario\AppData\Local\Programs\Python\Python310;C:\Program Files\php-8.1.4;C:\w64devkit\bin;C:\Program Files\Git\cmd;C:\Windows\system32;C:\Windows;C:\Windows\System32\Wbem;C:\w64devkit\bin;C:\mingw64\bin;C:\Program Files\Microsoft SQL Server\150\Tools\Binn\;C:\Program Files\Microsoft SQL Server\Client SDK\ODBC\170\Tools\Binn\;C:\Program Files\dotnet\;C:\Program Files\MySQL\MySQL Shell 8.0\bin\;%CLion%;C:\Program Files\mingw-w64-v9.0.0\mingw32\bin;C:\Users\Usuario\AppData\Local\Programs\Microsoft VS Code\bin;C:\Users\Usuario\.dotnet\tools
USERNAME=Usuario
OS=Windows_NT
PROCESSOR_IDENTIFIER=Intel64 Family 6 Model 58 Stepping 9, GenuineIntel



---------------  S Y S T E M  ---------------

OS:
 Windows 10 , 64 bit Build 19041 (10.0.19041.1741)
OS uptime: 0 days 2:24 hours

CPU: total 4 (initial active 4) (2 cores per cpu, 2 threads per core) family 6 model 58 stepping 9 microcode 0x21, cx8, cmov, fxsr, ht, mmx, sse, sse2, sse3, ssse3, sse4.1, sse4.2, popcnt, tsc, tscinvbit, avx, aes, erms, clmul, vzeroupper, clflush

Memory: 4k page, system-wide physical 3992M (458M free)
TotalPageFile size 5387M (AvailPageFile size 10M)
current process WorkingSet (physical memory assigned to process): 10M, peak: 10M
current process commit charge ("private bytes"): 51M, peak: 115M

vm_info: Java HotSpot(TM) 64-Bit Server VM (16.0.2+7-67) for windows-amd64 JRE (16.0.2+7-67), built on Jun  8 2021 23:24:19 by "mach5one" with MS VC++ 16.7 (VS2019)

END.
